<?xml version="1.0" encoding="UTF-8"?>
<testng-results skipped="0" failed="1" ignored="0" total="3" passed="2">
  <reporter-output>
  </reporter-output>
  <suite name="Suite" duration-ms="31799" started-at="2018-05-01T23:20:44Z" finished-at="2018-05-01T23:21:16Z">
    <groups>
    </groups>
    <test name="VerifyLandingPageTitleTest" duration-ms="12063" started-at="2018-05-01T23:20:44Z" finished-at="2018-05-01T23:20:56Z">
      <class name="Academy.VerifyLandingPageTitleTest">
        <test-method status="PASS" signature="setUp()[pri:0, instance:Academy.VerifyLandingPageTitleTest@69e1dd28]" name="setUp" is-config="true" duration-ms="9140" started-at="2018-05-01T23:20:44Z" finished-at="2018-05-01T23:20:53Z">
          <reporter-output>
          </reporter-output>
        </test-method> <!-- setUp -->
        <test-method status="FAIL" signature="Login()[pri:0, instance:Academy.VerifyLandingPageTitleTest@69e1dd28]" name="Login" duration-ms="16" started-at="2018-05-01T23:20:53Z" finished-at="2018-05-01T23:20:53Z">
          <exception class="java.lang.AssertionError">
            <message>
              <![CDATA[expected [QA Click Academy | Selenium,Jmeter,SoapUI,Appium,Database testing,QA Training ] but found [QA Click Academy | Selenium,Jmeter,SoapUI,Appium,Database testing,QA Training Academy]]]>
            </message>
            <full-stacktrace>
              <![CDATA[java.lang.AssertionError: expected [QA Click Academy | Selenium,Jmeter,SoapUI,Appium,Database testing,QA Training ] but found [QA Click Academy | Selenium,Jmeter,SoapUI,Appium,Database testing,QA Training Academy]
at org.testng.Assert.fail(Assert.java:96)
at org.testng.Assert.failNotEquals(Assert.java:776)
at org.testng.Assert.assertEqualsImpl(Assert.java:137)
at org.testng.Assert.assertEquals(Assert.java:118)
at org.testng.Assert.assertEquals(Assert.java:453)
at org.testng.Assert.assertEquals(Assert.java:463)
at Academy.VerifyLandingPageTitleTest.Login(VerifyLandingPageTitleTest.java:37)
at sun.reflect.NativeMethodAccessorImpl.invoke0(Native Method)
at sun.reflect.NativeMethodAccessorImpl.invoke(Unknown Source)
at sun.reflect.DelegatingMethodAccessorImpl.invoke(Unknown Source)
at java.lang.reflect.Method.invoke(Unknown Source)
at org.testng.internal.MethodInvocationHelper.invokeMethod(MethodInvocationHelper.java:124)
at org.testng.internal.Invoker.invokeMethod(Invoker.java:583)
at org.testng.internal.Invoker.invokeTestMethod(Invoker.java:719)
at org.testng.internal.Invoker.invokeTestMethods(Invoker.java:989)
at org.testng.internal.TestMethodWorker.invokeTestMethods(TestMethodWorker.java:125)
at org.testng.internal.TestMethodWorker.run(TestMethodWorker.java:109)
at org.testng.TestRunner.privateRun(TestRunner.java:648)
at org.testng.TestRunner.run(TestRunner.java:505)
at org.testng.SuiteRunner.runTest(SuiteRunner.java:455)
at org.testng.SuiteRunner.runSequentially(SuiteRunner.java:450)
at org.testng.SuiteRunner.privateRun(SuiteRunner.java:415)
at org.testng.SuiteRunner.run(SuiteRunner.java:364)
at org.testng.SuiteRunnerWorker.runSuite(SuiteRunnerWorker.java:52)
at org.testng.SuiteRunnerWorker.run(SuiteRunnerWorker.java:84)
at org.testng.TestNG.runSuitesSequentially(TestNG.java:1208)
at org.testng.TestNG.runSuitesLocally(TestNG.java:1137)
at org.testng.TestNG.runSuites(TestNG.java:1049)
at org.testng.TestNG.run(TestNG.java:1017)
at org.testng.remote.AbstractRemoteTestNG.run(AbstractRemoteTestNG.java:114)
at org.testng.remote.RemoteTestNG.initAndRun(RemoteTestNG.java:251)
at org.testng.remote.RemoteTestNG.main(RemoteTestNG.java:77)
]]>
            </full-stacktrace>
          </exception> <!-- java.lang.AssertionError -->
          <reporter-output>
          </reporter-output>
        </test-method> <!-- Login -->
        <test-method status="PASS" signature="tearDown()[pri:0, instance:Academy.VerifyLandingPageTitleTest@69e1dd28]" name="tearDown" is-config="true" duration-ms="2324" started-at="2018-05-01T23:20:54Z" finished-at="2018-05-01T23:20:56Z">
          <reporter-output>
          </reporter-output>
        </test-method> <!-- tearDown -->
      </class> <!-- Academy.VerifyLandingPageTitleTest -->
    </test> <!-- VerifyLandingPageTitleTest -->
    <test name="HomePage_LoginTest" duration-ms="19659" started-at="2018-05-01T23:20:56Z" finished-at="2018-05-01T23:21:16Z">
      <class name="Academy.HomePage_LoginTest">
        <test-method status="PASS" signature="setUp()[pri:0, instance:Academy.HomePage_LoginTest@22e357dc]" name="setUp" is-config="true" duration-ms="1994" started-at="2018-05-01T23:20:56Z" finished-at="2018-05-01T23:20:58Z">
          <reporter-output>
          </reporter-output>
        </test-method> <!-- setUp -->
        <test-method status="PASS" signature="Login(java.lang.String, java.lang.String)[pri:0, instance:Academy.HomePage_LoginTest@22e357dc]" name="Login" duration-ms="11625" started-at="2018-05-01T23:20:58Z" data-provider="getData" finished-at="2018-05-01T23:21:10Z">
          <params>
            <param index="0">
              <value>
                <![CDATA[username1@gmail.com]]>
              </value>
            </param>
            <param index="1">
              <value>
                <![CDATA[123456]]>
              </value>
            </param>
          </params>
          <reporter-output>
          </reporter-output>
        </test-method> <!-- Login -->
        <test-method status="PASS" signature="Login(java.lang.String, java.lang.String)[pri:0, instance:Academy.HomePage_LoginTest@22e357dc]" name="Login" duration-ms="3917" started-at="2018-05-01T23:21:10Z" data-provider="getData" finished-at="2018-05-01T23:21:14Z">
          <params>
            <param index="0">
              <value>
                <![CDATA[username2@gmail.com]]>
              </value>
            </param>
            <param index="1">
              <value>
                <![CDATA[456789]]>
              </value>
            </param>
          </params>
          <reporter-output>
          </reporter-output>
        </test-method> <!-- Login -->
        <test-method status="PASS" signature="tearDown()[pri:0, instance:Academy.HomePage_LoginTest@22e357dc]" name="tearDown" is-config="true" duration-ms="2116" started-at="2018-05-01T23:21:14Z" finished-at="2018-05-01T23:21:16Z">
          <reporter-output>
          </reporter-output>
        </test-method> <!-- tearDown -->
      </class> <!-- Academy.HomePage_LoginTest -->
    </test> <!-- HomePage_LoginTest -->
  </suite> <!-- Suite -->
</testng-results>
